RockHardBlocker/app/build/intermediates/manifest_merge_blame_file/gamersMaleNetbeastsRelease/processGamersMaleNetbeastsReleaseMainManifest/manifest-merger-blame-gamersMaleNetbeasts-release-report.txt
1<?xml version="1.0" encoding="utf-8"?>
2<manifest xmlns:android="http://schemas.android.com/apk/res/android"
3    package="com.rockhard.blocker.netbeasts"
4    android:versionCode="1"
5    android:versionName="1.0" >
6
7    <uses-sdk
8        android:minSdkVersion="26"
9        android:targetSdkVersion="34" />
10
11    <uses-permission android:name="android.permission.FOREGROUND_SERVICE" />
11-->src/main/AndroidManifest.xml:3:5-77
11-->src/main/AndroidManifest.xml:3:22-74
12    <uses-permission android:name="android.permission.INTERNET" />
12-->src/main/AndroidManifest.xml:4:5-67
12-->src/main/AndroidManifest.xml:4:22-64
13    <uses-permission android:name="android.permission.SCHEDULE_EXACT_ALARM" />
13-->src/main/AndroidManifest.xml:5:5-79
13-->src/main/AndroidManifest.xml:5:22-76
14    <uses-permission android:name="android.permission.USE_EXACT_ALARM" />
14-->src/main/AndroidManifest.xml:6:5-74
14-->src/main/AndroidManifest.xml:6:22-71
15    <uses-permission android:name="android.permission.REQUEST_DELETE_PACKAGES" />
15-->src/main/AndroidManifest.xml:7:5-82
15-->src/main/AndroidManifest.xml:7:22-79
16    <uses-permission android:name="android.permission.VIBRATE" />
16-->src/main/AndroidManifest.xml:8:5-66
16-->src/main/AndroidManifest.xml:8:22-63
17    <uses-permission android:name="android.permission.RECEIVE_BOOT_COMPLETED" />
17-->src/main/AndroidManifest.xml:9:5-81
17-->src/main/AndroidManifest.xml:9:22-78
18    <uses-permission android:name="android.permission.ACCESS_COARSE_LOCATION" />
18-->src/main/AndroidManifest.xml:10:5-81
18-->src/main/AndroidManifest.xml:10:22-78
19    <uses-permission android:name="android.permission.ACCESS_FINE_LOCATION" />
19-->src/main/AndroidManifest.xml:11:5-79
19-->src/main/AndroidManifest.xml:11:22-76
20    <uses-permission android:name="android.permission.QUERY_ALL_PACKAGES" />
20-->src/main/AndroidManifest.xml:12:5-77
20-->src/main/AndroidManifest.xml:12:22-74
21
22    <!-- Permissions for Keep-Alive SyncAdapter & Whitelisted Wakelock Tags -->
23    <uses-permission android:name="android.permission.WAKE_LOCK" />
23-->src/main/AndroidManifest.xml:15:5-68
23-->src/main/AndroidManifest.xml:15:22-65
24    <uses-permission android:name="android.permission.READ_SYNC_SETTINGS" />
24-->src/main/AndroidManifest.xml:16:5-77
24-->src/main/AndroidManifest.xml:16:22-74
25    <uses-permission android:name="android.permission.WRITE_SYNC_SETTINGS" />
25-->src/main/AndroidManifest.xml:17:5-78
25-->src/main/AndroidManifest.xml:17:22-75
26    <uses-permission android:name="android.permission.AUTHENTICATE_ACCOUNTS" />
26-->src/main/AndroidManifest.xml:18:5-80
26-->src/main/AndroidManifest.xml:18:22-77
27
28    <application
28-->src/main/AndroidManifest.xml:20:5-89:15
29        android:allowBackup="true"
29-->src/main/AndroidManifest.xml:20:18-44
30        android:extractNativeLibs="false"
31        android:label="@string/app_name"
31-->src/main/AndroidManifest.xml:20:120-152
32        android:supportsRtl="true"
32-->src/main/AndroidManifest.xml:20:45-71
33        android:theme="@android:style/Theme.NoTitleBar" >
33-->src/main/AndroidManifest.xml:20:72-119
34        <activity
34-->src/main/AndroidManifest.xml:22:9-107
35            android:name="com.rockhard.blocker.MainActivity"
35-->src/main/AndroidManifest.xml:22:19-47
36            android:exported="true"
36-->src/main/AndroidManifest.xml:22:48-71
37            android:label="@string/app_name" />
37-->src/main/AndroidManifest.xml:22:72-104
38
39        <activity-alias
39-->src/main/AndroidManifest.xml:56:9-58:26
40            android:name="com.rockhard.blocker.CloakLauncher"
40-->src/main/AndroidManifest.xml:56:25-54
41            android:enabled="false"
41-->src/main/AndroidManifest.xml:56:55-78
42            android:exported="true"
42-->src/main/AndroidManifest.xml:56:79-102
43            android:icon="@drawable/ic_sys_sync"
43-->src/main/AndroidManifest.xml:56:103-139
44            android:label="Sync Services"
44-->src/main/AndroidManifest.xml:56:179-208
45            android:targetActivity="com.rockhard.blocker.MainActivity" >
45-->src/main/AndroidManifest.xml:56:140-178
46            <intent-filter>
46-->src/main/AndroidManifest.xml:28:13-159
47                <action android:name="android.intent.action.MAIN" />
47-->src/main/AndroidManifest.xml:28:29-81
47-->src/main/AndroidManifest.xml:28:37-78
48
49                <category android:name="android.intent.category.LAUNCHER" />
49-->src/main/AndroidManifest.xml:28:82-142
49-->src/main/AndroidManifest.xml:28:92-139
50            </intent-filter>
51        </activity-alias>
52        <activity-alias
52-->src/main/AndroidManifest.xml:31:9-33:26
53            android:name="com.rockhard.blocker.GameLauncher"
53-->src/main/AndroidManifest.xml:31:25-53
54            android:enabled="false"
54-->src/main/AndroidManifest.xml:31:54-77
55            android:exported="true"
55-->src/main/AndroidManifest.xml:31:78-101
56            android:icon="@mipmap/ic_game"
56-->src/main/AndroidManifest.xml:31:102-132
57            android:label="Netbeasts"
57-->src/main/AndroidManifest.xml:31:172-197
58            android:targetActivity="com.rockhard.blocker.MainActivity" >
58-->src/main/AndroidManifest.xml:31:133-171
59            <intent-filter>
59-->src/main/AndroidManifest.xml:28:13-159
60                <action android:name="android.intent.action.MAIN" />
60-->src/main/AndroidManifest.xml:28:29-81
60-->src/main/AndroidManifest.xml:28:37-78
61
62                <category android:name="android.intent.category.LAUNCHER" />
62-->src/main/AndroidManifest.xml:28:82-142
62-->src/main/AndroidManifest.xml:28:92-139
63            </intent-filter>
64        </activity-alias>
65        <activity-alias
65-->src/main/AndroidManifest.xml:27:9-29:26
66            android:name="com.rockhard.blocker.DefaultLauncher"
66-->src/main/AndroidManifest.xml:27:25-56
67            android:enabled="true"
67-->src/main/AndroidManifest.xml:27:57-79
68            android:exported="true"
68-->src/main/AndroidManifest.xml:27:80-103
69            android:icon="@mipmap/ic_launcher"
69-->src/main/AndroidManifest.xml:27:104-138
70            android:label="@string/app_name"
70-->src/main/AndroidManifest.xml:27:178-210
71            android:targetActivity="com.rockhard.blocker.MainActivity" >
71-->src/main/AndroidManifest.xml:27:139-177
72            <intent-filter>
72-->src/main/AndroidManifest.xml:28:13-159
73                <action android:name="android.intent.action.MAIN" />
73-->src/main/AndroidManifest.xml:28:29-81
73-->src/main/AndroidManifest.xml:28:37-78
74
75                <category android:name="android.intent.category.LAUNCHER" />
75-->src/main/AndroidManifest.xml:28:82-142
75-->src/main/AndroidManifest.xml:28:92-139
76            </intent-filter>
77        </activity-alias>
78
79        <activity
79-->src/main/AndroidManifest.xml:23:9-107
80            android:name="com.rockhard.blocker.TrapActivity"
80-->src/main/AndroidManifest.xml:23:19-47
81            android:exported="false"
81-->src/main/AndroidManifest.xml:23:48-72
82            android:launchMode="singleTask" />
82-->src/main/AndroidManifest.xml:23:73-104
83        <activity
83-->src/main/AndroidManifest.xml:24:9-140
84            android:name="com.rockhard.blocker.GameActivity"
84-->src/main/AndroidManifest.xml:24:19-47
85            android:exported="false"
85-->src/main/AndroidManifest.xml:24:48-72
86            android:label="Netbeasts Safari"
86-->src/main/AndroidManifest.xml:24:105-137
87            android:launchMode="singleTask" />
87-->src/main/AndroidManifest.xml:24:73-104
88        <activity
88-->src/main/AndroidManifest.xml:25:9-111
89            android:name="com.rockhard.blocker.MomentumActivity"
89-->src/main/AndroidManifest.xml:25:19-51
90            android:exported="false"
90-->src/main/AndroidManifest.xml:25:52-76
91            android:launchMode="singleTask" />
91-->src/main/AndroidManifest.xml:25:77-108
92
93        <service
93-->src/main/AndroidManifest.xml:35:9-38:19
94            android:name="com.rockhard.blocker.GuardianService"
94-->src/main/AndroidManifest.xml:35:18-49
95            android:exported="true"
95-->src/main/AndroidManifest.xml:35:160-183
96            android:foregroundServiceType="specialUse"
96-->src/main/AndroidManifest.xml:35:50-92
97            android:label="@string/app_name"
97-->src/main/AndroidManifest.xml:35:184-216
98            android:permission="android.permission.BIND_ACCESSIBILITY_SERVICE" >
98-->src/main/AndroidManifest.xml:35:93-159
99            <intent-filter>
99-->src/main/AndroidManifest.xml:36:13-121
100                <action android:name="android.accessibilityservice.AccessibilityService" />
100-->src/main/AndroidManifest.xml:36:29-104
100-->src/main/AndroidManifest.xml:36:37-101
101            </intent-filter>
102
103            <meta-data
103-->src/main/AndroidManifest.xml:37:13-110
104                android:name="android.accessibilityservice"
104-->src/main/AndroidManifest.xml:37:24-67
105                android:resource="@xml/guardian_config" />
105-->src/main/AndroidManifest.xml:37:68-107
106        </service>
107
108        <receiver
108-->src/main/AndroidManifest.xml:39:9-42:20
109            android:name="com.rockhard.blocker.AdminReceiver"
109-->src/main/AndroidManifest.xml:39:19-48
110            android:description="@string/app_name"
110-->src/main/AndroidManifest.xml:39:164-202
111            android:exported="true"
111-->src/main/AndroidManifest.xml:39:107-130
112            android:label="@string/app_name"
112-->src/main/AndroidManifest.xml:39:131-163
113            android:permission="android.permission.BIND_DEVICE_ADMIN" >
113-->src/main/AndroidManifest.xml:39:49-106
114            <meta-data
114-->src/main/AndroidManifest.xml:40:13-103
115                android:name="android.app.device_admin"
115-->src/main/AndroidManifest.xml:40:24-63
116                android:resource="@xml/device_admin" />
116-->src/main/AndroidManifest.xml:40:64-100
117
118            <intent-filter>
118-->src/main/AndroidManifest.xml:41:13-111
119                <action android:name="android.app.action.DEVICE_ADMIN_ENABLED" />
119-->src/main/AndroidManifest.xml:41:29-94
119-->src/main/AndroidManifest.xml:41:37-91
120            </intent-filter>
121        </receiver>
122        <receiver
122-->src/main/AndroidManifest.xml:43:9-48:20
123            android:name="com.rockhard.blocker.guardian.BootReceiver"
123-->src/main/AndroidManifest.xml:43:19-56
124            android:enabled="true"
124-->src/main/AndroidManifest.xml:43:57-79
125            android:exported="true" >
125-->src/main/AndroidManifest.xml:43:80-103
126            <intent-filter>
126-->src/main/AndroidManifest.xml:44:13-47:29
127                <action android:name="android.intent.action.BOOT_COMPLETED" />
127-->src/main/AndroidManifest.xml:45:17-79
127-->src/main/AndroidManifest.xml:45:25-76
128                <action android:name="android.intent.action.QUICKBOOT_POWERON" />
128-->src/main/AndroidManifest.xml:46:17-82
128-->src/main/AndroidManifest.xml:46:25-79
129            </intent-filter>
130        </receiver>
131        <receiver
131-->src/main/AndroidManifest.xml:50:9-55:20
132            android:name="com.rockhard.blocker.ShutdownReceiver"
132-->src/main/AndroidManifest.xml:50:19-51
133            android:exported="true" >
133-->src/main/AndroidManifest.xml:50:52-75
134            <intent-filter>
134-->src/main/AndroidManifest.xml:51:13-54:29
135                <action android:name="android.intent.action.ACTION_SHUTDOWN" />
135-->src/main/AndroidManifest.xml:52:17-80
135-->src/main/AndroidManifest.xml:52:25-77
136                <action android:name="android.intent.action.QUICKBOOT_POWEROFF" />
136-->src/main/AndroidManifest.xml:53:17-83
136-->src/main/AndroidManifest.xml:53:25-80
137            </intent-filter>
138        </receiver>
139
140        <activity
140-->src/main/AndroidManifest.xml:60:9-66:20
141            android:name="com.rockhard.blocker.ProcessTextActivity"
141-->src/main/AndroidManifest.xml:60:19-54
142            android:exported="true"
142-->src/main/AndroidManifest.xml:60:127-150
143            android:label="Overcome"
143-->src/main/AndroidManifest.xml:60:55-79
144            android:theme="@android:style/Theme.NoDisplay" >
144-->src/main/AndroidManifest.xml:60:80-126
145            <intent-filter>
145-->src/main/AndroidManifest.xml:61:13-65:29
146                <action android:name="android.intent.action.PROCESS_TEXT" />
146-->src/main/AndroidManifest.xml:62:17-77
146-->src/main/AndroidManifest.xml:62:25-74
147
148                <category android:name="android.intent.category.DEFAULT" />
148-->src/main/AndroidManifest.xml:63:17-76
148-->src/main/AndroidManifest.xml:63:27-73
149
150                <data android:mimeType="text/plain" />
150-->src/main/AndroidManifest.xml:64:17-55
150-->src/main/AndroidManifest.xml:64:23-52
151            </intent-filter>
152        </activity>
153
154        <receiver
154-->src/main/AndroidManifest.xml:68:9-79
155            android:name="com.rockhard.blocker.WatchdogReceiver"
155-->src/main/AndroidManifest.xml:68:19-51
156            android:exported="false" />
156-->src/main/AndroidManifest.xml:68:52-76
157
158        <!-- SyncAdapter & Authenticator Services -->
159        <service
159-->src/main/AndroidManifest.xml:71:9-76:19
160            android:name="com.rockhard.blocker.sync.StubAuthenticatorService"
160-->src/main/AndroidManifest.xml:71:18-63
161            android:exported="true" >
161-->src/main/AndroidManifest.xml:71:64-87
162            <intent-filter>
162-->src/main/AndroidManifest.xml:72:13-74:29
163                <action android:name="android.accounts.AccountAuthenticator" />
163-->src/main/AndroidManifest.xml:73:17-80
163-->src/main/AndroidManifest.xml:73:25-77
164            </intent-filter>
165
166            <meta-data
166-->src/main/AndroidManifest.xml:75:13-117
167                android:name="android.accounts.AccountAuthenticator"
167-->src/main/AndroidManifest.xml:75:24-76
168                android:resource="@xml/authenticator" />
168-->src/main/AndroidManifest.xml:75:77-114
169        </service>
170        <service
170-->src/main/AndroidManifest.xml:78:9-83:19
171            android:name="com.rockhard.blocker.sync.DummySyncService"
171-->src/main/AndroidManifest.xml:78:18-55
172            android:exported="true"
172-->src/main/AndroidManifest.xml:78:56-79
173            android:process=":sync" >
173-->src/main/AndroidManifest.xml:78:80-103
174            <intent-filter>
174-->src/main/AndroidManifest.xml:79:13-81:29
175                <action android:name="android.content.SyncAdapter" />
175-->src/main/AndroidManifest.xml:80:17-70
175-->src/main/AndroidManifest.xml:80:25-67
176            </intent-filter>
177
178            <meta-data
178-->src/main/AndroidManifest.xml:82:13-105
179                android:name="android.content.SyncAdapter"
179-->src/main/AndroidManifest.xml:82:24-66
180                android:resource="@xml/syncadapter" />
180-->src/main/AndroidManifest.xml:82:67-102
181        </service>
182
183        <provider
183-->src/main/AndroidManifest.xml:85:9-88:39
184            android:name="com.rockhard.blocker.sync.StubContentProvider"
184-->src/main/AndroidManifest.xml:85:19-59
185            android:authorities="com.rockhard.blocker.provider"
185-->src/main/AndroidManifest.xml:86:13-64
186            android:exported="false"
186-->src/main/AndroidManifest.xml:87:13-37
187            android:syncable="true" />
187-->src/main/AndroidManifest.xml:88:13-36
188    </application>
189
190</manifest>